  tests.cpp
D:\Repos\GenAlg\LinderLab1A-master\LinderLab1A\PositiveNumber.h(151,1): warning C4267: 'initializing': conversion from 'size_t' to 'int', possible loss of data
D:\Repos\GenAlg\LinderLab1A-master\LinderLab1A\PositiveNumber.h(220,1): warning C4267: 'initializing': conversion from 'size_t' to 'int', possible loss of data
D:\Repos\GenAlg\LinderLab1A-master\LinderLab1A\PositiveNumber.h(233,1): warning C4267: 'initializing': conversion from 'size_t' to 'int', possible loss of data
D:\Repos\GenAlg\LinderLab1A-master\LinderLab1A\PositiveNumber.h(245,1): warning C4267: 'initializing': conversion from 'size_t' to 'int', possible loss of data
D:\Repos\GenAlg\LinderLab1A-master\LinderLab1A\PositiveNumber.h(257,1): warning C4267: 'initializing': conversion from 'size_t' to 'int', possible loss of data
D:\Repos\GenAlg\LinderLab1A-master\LinderLab1A\PositiveNumber.h(271,1): warning C4267: 'initializing': conversion from 'size_t' to 'int', possible loss of data
D:\Repos\GenAlg\LinderLab1A-master\LinderLab1A\PositiveNumber.h(275,28): warning C4244: '+=': conversion from 'double' to '_Ty', possible loss of data
          with
          [
              _Ty=int
          ]
D:\Repos\GenAlg\LinderLab1A-master\LinderLab1A\Polynomial.h(168,4): warning C4984: 'if constexpr' is a C++17 language extension
D:\Repos\GenAlg\LinderLab1A-master\LinderLab1A\Polynomial.h(278,2): message : see reference to class template instantiation 'Polynomial<TCoefficient>' being compiled
D:\Repos\GenAlg\LinderLab1A-master\LinderLab1A\Exponent.h(56,1): warning C4267: 'initializing': conversion from 'size_t' to 'int', possible loss of data
D:\Repos\GenAlg\LinderLab1A-master\LinderLab1A\Exponent.h(84,1): warning C4267: 'initializing': conversion from 'size_t' to 'int', possible loss of data
D:\Repos\GenAlg\LinderLab1A-master\LinderLab1A\Exponent.h(97,1): warning C4267: 'initializing': conversion from 'size_t' to 'int', possible loss of data
D:\Repos\GenAlg\LinderLab1A-master\LinderLab1A\FiniteGroup.h(30,9): warning C4002: too many arguments for function-like macro invocation 'assert'
D:\Repos\GenAlg\LinderLab1A-master\LinderLab1A\FiniteGroup.h(35,9): warning C4002: too many arguments for function-like macro invocation 'assert'
D:\Repos\GenAlg\LinderLab1A-master\LinderLab1A\FiniteGroup.h(44,9): warning C4002: too many arguments for function-like macro invocation 'assert'
D:\Repos\GenAlg\LinderLab1A-master\LinderLab1A\MillerRabin.h(59,18): warning C4244: 'argument': conversion from 'time_t' to 'unsigned int', possible loss of data
D:\Repos\GenAlg\LinderLab1A-master\LinderLab1A\Euler.h(30): message : see reference to function template instantiation 'bool MillerRabin::miller_rabin<PositiveNumber>(NumberType,int)' being compiled
          with
          [
              NumberType=PositiveNumber
          ]
D:\Repos\GenAlg\LinderLab1A-master\LinderLab1A\Pollard.h(29,17): warning C4244: 'argument': conversion from 'time_t' to 'unsigned int', possible loss of data
D:\Repos\GenAlg\LinderLab1A-master\LinderLab1A\Euler.h(38,123): message : see reference to function template instantiation 'std::map<PositiveNumber,int,std::less<PositiveNumber>,std::allocator<std::pair<const PositiveNumber,int>>> map_factors<PositiveNumber,std::vector<PositiveNumber,std::allocator<PositiveNumber>>(__cdecl *)(NumberType)>(NumberType,Function)' being compiled
          with
          [
              NumberType=PositiveNumber,
              Function=std::vector<PositiveNumber,std::allocator<PositiveNumber>> (__cdecl *)(PositiveNumber)
          ]
D:\Repos\GenAlg\LinderLab1A-master\LinderLab1A\Euler.h(54): warning C4715: 'CarmichelForPrimePower': not all control paths return a value
  LinderLab1A.vcxproj -> D:\Repos\GenAlg\LinderLab1A-master\x64\Debug\LinderLab1A.exe
